# Logfile created on 2014-05-04 20:53:33 +0800 by logger.rb/44203
I, [2014-05-04T20:53:33.873371 #75102]  INFO -- : 0:  RedCloth (4.2.9) from /Users/tarzan/.rvm/gems/ruby-2.1.0/specifications/RedCloth-4.2.9.gemspec
I, [2014-05-04T20:53:33.877038 #75102]  INFO -- : 0:  i18n (0.6.9) from /Users/tarzan/.rvm/gems/ruby-2.1.0/specifications/i18n-0.6.9.gemspec
I, [2014-05-04T20:53:33.877918 #75102]  INFO -- : 0:  json (1.8.1) from /Users/tarzan/.rvm/rubies/ruby-2.1.0/lib/ruby/gems/2.1.0/specifications/default/json-1.8.1.gemspec
I, [2014-05-04T20:53:37.135094 #75102]  INFO -- : 0:  minitest (5.3.3) from /Users/tarzan/.rvm/gems/ruby-2.1.0/specifications/minitest-5.3.3.gemspec
I, [2014-05-04T20:53:41.207749 #75102]  INFO -- : 0:  thread_safe (0.3.3) from /Users/tarzan/.rvm/gems/ruby-2.1.0/specifications/thread_safe-0.3.3.gemspec
I, [2014-05-04T20:53:45.040613 #75102]  INFO -- : 0:  tzinfo (1.1.0) from /Users/tarzan/.rvm/gems/ruby-2.1.0/specifications/tzinfo-1.1.0.gemspec
I, [2014-05-04T20:53:54.604731 #75102]  INFO -- : 0:  activesupport (4.1.0) from /Users/tarzan/.rvm/gems/ruby-2.1.0/specifications/activesupport-4.1.0.gemspec
I, [2014-05-04T20:53:56.806196 #75102]  INFO -- : 0:  blankslate (2.1.2.4) from /Users/tarzan/.rvm/gems/ruby-2.1.0/specifications/blankslate-2.1.2.4.gemspec
I, [2014-05-04T20:53:59.639461 #75102]  INFO -- : 0:  fast-stemmer (1.0.2) from /Users/tarzan/.rvm/gems/ruby-2.1.0/specifications/fast-stemmer-1.0.2.gemspec
I, [2014-05-04T20:54:04.020712 #75102]  INFO -- : 0:  classifier (1.3.4) from /Users/tarzan/.rvm/gems/ruby-2.1.0/specifications/classifier-1.3.4.gemspec
I, [2014-05-04T20:54:06.465978 #75102]  INFO -- : 0:  colorator (0.1) from /Users/tarzan/.rvm/gems/ruby-2.1.0/specifications/colorator-0.1.gemspec
I, [2014-05-04T20:54:10.341395 #75102]  INFO -- : 0:  highline (1.6.21) from /Users/tarzan/.rvm/gems/ruby-2.1.0/specifications/highline-1.6.21.gemspec
I, [2014-05-04T20:54:12.872480 #75102]  INFO -- : 0:  commander (4.1.6) from /Users/tarzan/.rvm/gems/ruby-2.1.0/specifications/commander-4.1.6.gemspec
I, [2014-05-04T20:54:12.873874 #75102]  INFO -- : 0:  ffi (1.9.3) from /Users/tarzan/.rvm/gems/ruby-2.1.0/specifications/ffi-1.9.3.gemspec
I, [2014-05-04T20:56:56.908268 #75102]  INFO -- : 0:  gemoji (1.5.0) from /Users/tarzan/.rvm/gems/ruby-2.1.0/specifications/gemoji-1.5.0.gemspec
I, [2014-05-04T20:57:01.039499 #75102]  INFO -- : 0:  liquid (2.5.5) from /Users/tarzan/.rvm/gems/ruby-2.1.0/specifications/liquid-2.5.5.gemspec
I, [2014-05-04T20:57:01.040071 #75102]  INFO -- : 0:  rb-fsevent (0.9.4) from /Users/tarzan/.rvm/gems/ruby-2.1.0/specifications/rb-fsevent-0.9.4.gemspec
I, [2014-05-04T20:57:04.626627 #75102]  INFO -- : 0:  rb-inotify (0.9.4) from /Users/tarzan/.rvm/gems/ruby-2.1.0/specifications/rb-inotify-0.9.4.gemspec
I, [2014-05-04T20:57:10.614796 #75102]  INFO -- : 0:  rb-kqueue (0.2.2) from /Users/tarzan/.rvm/gems/ruby-2.1.0/specifications/rb-kqueue-0.2.2.gemspec
I, [2014-05-04T20:57:16.077026 #75102]  INFO -- : 0:  listen (1.3.1) from /Users/tarzan/.rvm/gems/ruby-2.1.0/specifications/listen-1.3.1.gemspec
I, [2014-05-04T20:57:20.629882 #75102]  INFO -- : 0:  maruku (0.7.0) from /Users/tarzan/.rvm/gems/ruby-2.1.0/specifications/maruku-0.7.0.gemspec
I, [2014-05-04T20:57:24.464960 #75102]  INFO -- : 0:  posix-spawn (0.3.8) from /Users/tarzan/.rvm/gems/ruby-2.1.0/specifications/posix-spawn-0.3.8.gemspec
I, [2014-05-04T20:57:37.197566 #75102]  INFO -- : 0:  yajl-ruby (1.1.0) from /Users/tarzan/.rvm/gems/ruby-2.1.0/specifications/yajl-ruby-1.1.0.gemspec
I, [2014-05-04T20:57:58.905532 #75102]  INFO -- : 0:  pygments.rb (0.5.4) from /Users/tarzan/.rvm/gems/ruby-2.1.0/specifications/pygments.rb-0.5.4.gemspec
I, [2014-05-04T20:58:06.803879 #75102]  INFO -- : 0:  redcarpet (2.3.0) from /Users/tarzan/.rvm/gems/ruby-2.1.0/specifications/redcarpet-2.3.0.gemspec
I, [2014-05-04T20:58:09.247097 #75102]  INFO -- : 0:  safe_yaml (1.0.3) from /Users/tarzan/.rvm/gems/ruby-2.1.0/specifications/safe_yaml-1.0.3.gemspec
I, [2014-05-04T20:58:11.931690 #75102]  INFO -- : 0:  parslet (1.5.0) from /Users/tarzan/.rvm/gems/ruby-2.1.0/specifications/parslet-1.5.0.gemspec
I, [2014-05-04T20:58:15.129337 #75102]  INFO -- : 0:  toml (0.1.1) from /Users/tarzan/.rvm/gems/ruby-2.1.0/specifications/toml-0.1.1.gemspec
I, [2014-05-04T20:58:23.872362 #75102]  INFO -- : 0:  jekyll (1.5.1) from /Users/tarzan/.rvm/gems/ruby-2.1.0/specifications/jekyll-1.5.1.gemspec
I, [2014-05-04T20:58:26.315103 #75102]  INFO -- : 0:  mini_portile (0.5.3) from /Users/tarzan/.rvm/gems/ruby-2.1.0/specifications/mini_portile-0.5.3.gemspec
I, [2014-05-04T20:58:26.315715 #75102]  INFO -- : 0:  nokogiri (1.6.1) from /Users/tarzan/.rvm/gems/ruby-2.1.0/specifications/nokogiri-1.6.1.gemspec
I, [2014-05-04T20:58:28.859960 #75102]  INFO -- : 0:  html-pipeline (1.5.0) from /Users/tarzan/.rvm/gems/ruby-2.1.0/specifications/html-pipeline-1.5.0.gemspec
I, [2014-05-04T20:58:30.749055 #75102]  INFO -- : 0:  jekyll-mentions (0.0.6) from /Users/tarzan/.rvm/gems/ruby-2.1.0/specifications/jekyll-mentions-0.0.6.gemspec
I, [2014-05-04T20:58:35.074865 #75102]  INFO -- : 0:  jekyll-redirect-from (0.3.1) from /Users/tarzan/.rvm/gems/ruby-2.1.0/specifications/jekyll-redirect-from-0.3.1.gemspec
I, [2014-05-04T20:58:37.127588 #75102]  INFO -- : 0:  jekyll-sitemap (0.2.0) from /Users/tarzan/.rvm/gems/ruby-2.1.0/specifications/jekyll-sitemap-0.2.0.gemspec
I, [2014-05-04T20:58:40.760335 #75102]  INFO -- : 0:  jemoji (0.1.0) from /Users/tarzan/.rvm/gems/ruby-2.1.0/specifications/jemoji-0.1.0.gemspec
I, [2014-05-04T20:58:45.252448 #75102]  INFO -- : 0:  kramdown (1.3.1) from /Users/tarzan/.rvm/gems/ruby-2.1.0/specifications/kramdown-1.3.1.gemspec
I, [2014-05-04T20:58:56.553661 #75102]  INFO -- : 0:  rdiscount (2.1.7) from /Users/tarzan/.rvm/gems/ruby-2.1.0/specifications/rdiscount-2.1.7.gemspec
I, [2014-05-04T20:58:59.096299 #75102]  INFO -- : 0:  github-pages (18) from /Users/tarzan/.rvm/gems/ruby-2.1.0/specifications/github-pages-18.gemspec
I, [2014-05-04T20:58:59.096958 #75102]  INFO -- : 0:  bundler (1.5.1) from /Users/tarzan/.rvm/gems/ruby-2.1.0@global/specifications/bundler-1.5.1.gemspec
